mode: set
github.com/scache-io/scache-demo/main.go:14.13,33.2 7 0
github.com/scache-io/scache-demo/main.go:36.23,53.16 6 0
github.com/scache-io/scache-demo/main.go:53.16,55.3 1 0
github.com/scache-io/scache-demo/main.go:56.2,61.16 4 0
github.com/scache-io/scache-demo/main.go:61.16,63.3 1 0
github.com/scache-io/scache-demo/main.go:64.2,67.32 2 0
github.com/scache-io/scache-demo/main.go:67.32,69.3 1 0
github.com/scache-io/scache-demo/main.go:72.2,74.15 2 0
github.com/scache-io/scache-demo/main.go:78.16,90.62 6 0
github.com/scache-io/scache-demo/main.go:90.62,92.3 1 0
github.com/scache-io/scache-demo/main.go:95.2,98.60 3 0
github.com/scache-io/scache-demo/main.go:98.60,100.3 1 0
github.com/scache-io/scache-demo/main.go:103.2,110.58 5 0
github.com/scache-io/scache-demo/main.go:110.58,112.3 1 0
github.com/scache-io/scache-demo/main.go:114.2,114.15 1 0
github.com/scache-io/scache-demo/main.go:118.21,129.61 6 0
github.com/scache-io/scache-demo/main.go:129.61,131.3 1 0
github.com/scache-io/scache-demo/main.go:134.2,138.64 4 0
github.com/scache-io/scache-demo/main.go:138.64,140.3 1 0
github.com/scache-io/scache-demo/main.go:143.2,152.72 4 0
github.com/scache-io/scache-demo/main.go:152.72,154.3 1 0
github.com/scache-io/scache-demo/main.go:156.2,156.15 1 0
github.com/scache-io/scache-demo/main.go:160.24,176.32 10 0
github.com/scache-io/scache-demo/main.go:176.32,178.26 2 0
github.com/scache-io/scache-demo/main.go:178.26,180.42 2 0
github.com/scache-io/scache-demo/main.go:180.42,188.5 3 0
github.com/scache-io/scache-demo/main.go:193.2,193.32 1 0
github.com/scache-io/scache-demo/main.go:193.32,195.26 2 0
github.com/scache-io/scache-demo/main.go:195.26,197.42 2 0
github.com/scache-io/scache-demo/main.go:197.42,200.48 3 0
github.com/scache-io/scache-demo/main.go:200.49,202.6 0 0
github.com/scache-io/scache-demo/main.go:207.2,217.15 8 0
github.com/scache-io/scache-demo/main.go:221.24,230.28 5 0
github.com/scache-io/scache-demo/main.go:230.28,236.3 1 0
github.com/scache-io/scache-demo/main.go:239.2,241.28 3 0
github.com/scache-io/scache-demo/main.go:241.28,244.3 2 0
github.com/scache-io/scache-demo/main.go:245.2,252.28 5 0
github.com/scache-io/scache-demo/main.go:252.28,255.40 3 0
github.com/scache-io/scache-demo/main.go:255.41,257.4 0 0
github.com/scache-io/scache-demo/main.go:259.2,270.15 8 0
